Performing C++ SOURCE FILE Test CMAKE_HAVE_LIBC_PTHREAD failed with the following output:
Change Dir: /home/pe/yxl/TwoCamera_v6detect（有检测备份））/build/CMakeFiles/CMakeTmp

Run Build Command(s):/usr/bin/make -f Makefile cmTC_b2ca2/fast && /usr/bin/make  -f CMakeFiles/cmTC_b2ca2.dir/build.make CMakeFiles/cmTC_b2ca2.dir/build
make[1]: 进入目录“/home/pe/yxl/TwoCamera_v6detect（有检测备份））/build/CMakeFiles/CMakeTmp”
Building CXX object CMakeFiles/cmTC_b2ca2.dir/src.cxx.o
/usr/bin/c++ -DCMAKE_HAVE_LIBC_PTHREAD  -D_GLIBCXX_USE_CXX11_ABI=1 -fPIC  -std=gnu++17 -o CMakeFiles/cmTC_b2ca2.dir/src.cxx.o -c /home/pe/yxl/TwoCamera_v6detect（有检测备份））/build/CMakeFiles/CMakeTmp/src.cxx
Linking CXX executable cmTC_b2ca2
/usr/bin/cmake -E cmake_link_script CMakeFiles/cmTC_b2ca2.dir/link.txt --verbose=1
/usr/bin/c++  -D_GLIBCXX_USE_CXX11_ABI=1 -fPIC  CMakeFiles/cmTC_b2ca2.dir/src.cxx.o -o cmTC_b2ca2 
/usr/bin/ld: CMakeFiles/cmTC_b2ca2.dir/src.cxx.o: in function `main':
src.cxx:(.text+0x46): undefined reference to `pthread_create'
/usr/bin/ld: src.cxx:(.text+0x52): undefined reference to `pthread_detach'
/usr/bin/ld: src.cxx:(.text+0x5e): undefined reference to `pthread_cancel'
/usr/bin/ld: src.cxx:(.text+0x6f): undefined reference to `pthread_join'
collect2: error: ld returned 1 exit status
make[1]: *** [CMakeFiles/cmTC_b2ca2.dir/build.make:99：cmTC_b2ca2] 错误 1
make[1]: 离开目录“/home/pe/yxl/TwoCamera_v6detect（有检测备份））/build/CMakeFiles/CMakeTmp”
make: *** [Makefile:127：cmTC_b2ca2/fast] 错误 2


Source file was:
#include <pthread.h>

static void* test_func(void* data)
{
  return data;
}

int main(void)
{
  pthread_t thread;
  pthread_create(&thread, NULL, test_func, NULL);
  pthread_detach(thread);
  pthread_cancel(thread);
  pthread_join(thread, NULL);
  pthread_atfork(NULL, NULL, NULL);
  pthread_exit(NULL);

  return 0;
}

Determining if the function pthread_create exists in the pthreads failed with the following output:
Change Dir: /home/pe/yxl/TwoCamera_v6detect（有检测备份））/build/CMakeFiles/CMakeTmp

Run Build Command(s):/usr/bin/make -f Makefile cmTC_97067/fast && /usr/bin/make  -f CMakeFiles/cmTC_97067.dir/build.make CMakeFiles/cmTC_97067.dir/build
make[1]: 进入目录“/home/pe/yxl/TwoCamera_v6detect（有检测备份））/build/CMakeFiles/CMakeTmp”
Building CXX object CMakeFiles/cmTC_97067.dir/CheckFunctionExists.cxx.o
/usr/bin/c++   -D_GLIBCXX_USE_CXX11_ABI=1 -fPIC -DCHECK_FUNCTION_EXISTS=pthread_create -std=gnu++17 -o CMakeFiles/cmTC_97067.dir/CheckFunctionExists.cxx.o -c /home/pe/yxl/TwoCamera_v6detect（有检测备份））/build/CMakeFiles/CheckLibraryExists/CheckFunctionExists.cxx
Linking CXX executable cmTC_97067
/usr/bin/cmake -E cmake_link_script CMakeFiles/cmTC_97067.dir/link.txt --verbose=1
/usr/bin/c++  -D_GLIBCXX_USE_CXX11_ABI=1 -fPIC -DCHECK_FUNCTION_EXISTS=pthread_create CMakeFiles/cmTC_97067.dir/CheckFunctionExists.cxx.o -o cmTC_97067  -lpthreads 
/usr/bin/ld: 找不到 -lpthreads
collect2: error: ld returned 1 exit status
make[1]: *** [CMakeFiles/cmTC_97067.dir/build.make:99：cmTC_97067] 错误 1
make[1]: 离开目录“/home/pe/yxl/TwoCamera_v6detect（有检测备份））/build/CMakeFiles/CMakeTmp”
make: *** [Makefile:127：cmTC_97067/fast] 错误 2



